Copyright 1986-2019 Xilinx, Inc. All Rights Reserved.
-------------------------------------------------------------------------------------------------------------------------------------------------------------------------------------------
| Tool Version     : Vivado v.2019.2.1 (win64) Build 2729669 Thu Dec  5 04:49:17 MST 2019
| Date             : Mon Dec 11 21:00:54 2023
| Host             : RHIT-R90Y2R7E running 64-bit major release  (build 9200)
| Command          : report_power -file UartTyperwriter2023fall_power_routed.rpt -pb UartTyperwriter2023fall_power_summary_routed.pb -rpx UartTyperwriter2023fall_power_routed.rpx
| Design           : UartTyperwriter2023fall
| Device           : xc7a35ticsg324-1L
| Design State     : routed
| Grade            : industrial
| Process          : typical
| Characterization : Production
-------------------------------------------------------------------------------------------------------------------------------------------------------------------------------------------

Power Report

Table of Contents
-----------------
1. Summary
1.1 On-Chip Components
1.2 Power Supply Summary
1.3 Confidence Level
2. Settings
2.1 Environment
2.2 Clock Constraints
3. Detailed Reports
3.1 By Hierarchy

1. Summary
----------

+--------------------------+--------------+
| Total On-Chip Power (W)  | 1.448        |
| Design Power Budget (W)  | Unspecified* |
| Power Budget Margin (W)  | NA           |
| Dynamic (W)              | 1.384        |
| Device Static (W)        | 0.064        |
| Effective TJA (C/W)      | 4.8          |
| Max Ambient (C)          | 93.1         |
| Junction Temperature (C) | 31.9         |
| Confidence Level         | Low          |
| Setting File             | ---          |
| Simulation Activity File | ---          |
| Design Nets Matched      | NA           |
+--------------------------+--------------+
* Specify Design Power Budget using, set_operating_conditions -design_power_budget <value in Watts>


1.1 On-Chip Components
----------------------

+-------------------------+-----------+----------+-----------+-----------------+
| On-Chip                 | Power (W) | Used     | Available | Utilization (%) |
+-------------------------+-----------+----------+-----------+-----------------+
| Slice Logic             |     0.115 |      209 |       --- |             --- |
|   LUT as Logic          |     0.076 |       49 |     20800 |            0.24 |
|   CARRY4                |     0.021 |        9 |      8150 |            0.11 |
|   Register              |     0.013 |       78 |     41600 |            0.19 |
|   BUFG                  |     0.005 |        1 |        32 |            3.13 |
|   LUT as Shift Register |    <0.001 |       19 |      9600 |            0.20 |
|   Others                |     0.000 |       31 |       --- |             --- |
| Signals                 |     0.169 |      121 |       --- |             --- |
| I/O                     |     1.100 |       12 |       210 |            5.71 |
| Static Power            |     0.064 |          |           |                 |
| Total                   |     1.448 |          |           |                 |
+-------------------------+-----------+----------+-----------+-----------------+


1.2 Power Supply Summary
------------------------

+-----------+-------------+-----------+-------------+------------+-------------+------------+
| Source    | Voltage (V) | Total (A) | Dynamic (A) | Static (A) | Budget (A)  | Margin (A) |
+-----------+-------------+-----------+-------------+------------+-------------+------------+
| Vccint    |       0.950 |     0.315 |       0.308 |      0.008 | Unspecified | NA         |
| Vccaux    |       1.800 |     0.052 |       0.040 |      0.012 | Unspecified | NA         |
| Vcco33    |       3.300 |     0.310 |       0.309 |      0.001 | Unspecified | NA         |
| Vcco25    |       2.500 |     0.000 |       0.000 |      0.000 | Unspecified | NA         |
| Vcco18    |       1.800 |     0.000 |       0.000 |      0.000 | Unspecified | NA         |
| Vcco15    |       1.500 |     0.000 |       0.000 |      0.000 | Unspecified | NA         |
| Vcco135   |       1.350 |     0.000 |       0.000 |      0.000 | Unspecified | NA         |
| Vcco12    |       1.200 |     0.000 |       0.000 |      0.000 | Unspecified | NA         |
| Vccaux_io |       1.800 |     0.000 |       0.000 |      0.000 | Unspecified | NA         |
| Vccbram   |       0.950 |     0.000 |       0.000 |      0.000 | Unspecified | NA         |
| MGTAVcc   |       1.000 |     0.000 |       0.000 |      0.000 | Unspecified | NA         |
| MGTAVtt   |       1.200 |     0.000 |       0.000 |      0.000 | Unspecified | NA         |
| Vccadc    |       1.800 |     0.018 |       0.000 |      0.018 | Unspecified | NA         |
+-----------+-------------+-----------+-------------+------------+-------------+------------+


1.3 Confidence Level
--------------------

+-----------------------------+------------+--------------------------------------------------------+--------------------------------------------------------------------------------------------------------------------+
| User Input Data             | Confidence | Details                                                | Action                                                                                                             |
+-----------------------------+------------+--------------------------------------------------------+--------------------------------------------------------------------------------------------------------------------+
| Design implementation state | High       | Design is routed                                       |                                                                                                                    |
| Clock nodes activity        | Low        | User specified less than 75% of clocks                 | Provide missing clock activity with a constraint file, simulation results or by editing the "By Clock Domain" view |
| I/O nodes activity          | Low        | More than 75% of inputs are missing user specification | Provide missing input activity with simulation results or by editing the "By Resource Type -> I/Os" view           |
| Internal nodes activity     | Medium     | User specified less than 25% of internal nodes         | Provide missing internal nodes activity with simulation results or by editing the "By Resource Type" views         |
| Device models               | High       | Device models are Production                           |                                                                                                                    |
|                             |            |                                                        |                                                                                                                    |
| Overall confidence level    | Low        |                                                        |                                                                                                                    |
+-----------------------------+------------+--------------------------------------------------------+--------------------------------------------------------------------------------------------------------------------+


2. Settings
-----------

2.1 Environment
---------------

+-----------------------+--------------------------+
| Ambient Temp (C)      | 25.0                     |
| ThetaJA (C/W)         | 4.8                      |
| Airflow (LFM)         | 250                      |
| Heat Sink             | medium (Medium Profile)  |
| ThetaSA (C/W)         | 4.6                      |
| Board Selection       | medium (10"x10")         |
| # of Board Layers     | 12to15 (12 to 15 Layers) |
| Board Temperature (C) | 25.0                     |
+-----------------------+--------------------------+


2.2 Clock Constraints
---------------------

+-------+--------+-----------------+
| Clock | Domain | Constraint (ns) |
+-------+--------+-----------------+


3. Detailed Reports
-------------------

3.1 By Hierarchy
----------------

+-------------------------+-----------+
| Name                    | Power (W) |
+-------------------------+-----------+
| UartTyperwriter2023fall |     1.384 |
|   UARTunit              |     0.251 |
|     BaudRateUnit        |     0.097 |
|     ReceiveUnit         |     0.058 |
|       buf_0             |     0.052 |
|       kcuart            |     0.006 |
|     TransmitUnit        |     0.095 |
|       buf_0             |     0.084 |
|       kcuart            |     0.011 |
+-------------------------+-----------+


