#-----------------------------------------------------------
# Vivado v2019.2.1 (64-bit)
# SW Build 2729669 on Thu Dec  5 04:49:17 MST 2019
# IP Build 2729494 on Thu Dec  5 07:38:25 MST 2019
# Start of session at: Wed Dec  6 22:36:34 2023
# Process ID: 5448
# Current directory: C:/Users/hoatsosa/Xilinx/ECE433/UARTTypewriter
# Command line: vivado.exe -gui_launcher_event rodinguilauncherevent3956 C:\Users\hoatsosa\Xilinx\ECE433\UARTTypewriter\UartTyperwriter2023fall.xpr
# Log file: C:/Users/hoatsosa/Xilinx/ECE433/UARTTypewriter/vivado.log
# Journal file: C:/Users/hoatsosa/Xilinx/ECE433/UARTTypewriter\vivado.jou
#-----------------------------------------------------------
start_gui
open_project C:/Users/hoatsosa/Xilinx/ECE433/UARTTypewriter/UartTyperwriter2023fall.xpr
Scanning sources...
Finished scanning sources
WARNING: [filemgmt 56-3] Board Part Repository Path: Could not find the directory 'C:/Users/Users/song/AppData/Roaming/Xilinx/Vivado/2019.2/xhub/board_store'.
INFO: [IP_Flow 19-234] Refreshing IP repositories
INFO: [IP_Flow 19-1704] No user IP repositories specified
INFO: [IP_Flow 19-2313] Loaded Vivado IP repository 'C:/Xilinx/Vivado/2019.2/data/ip'.
open_project: Time (s): cpu = 00:00:15 ; elapsed = 00:00:10 . Memory (MB): peak = 905.270 ; gain = 246.602
update_compile_order -fileset sources_1
set_property BOARD_PART_REPO_PATHS {C:/Users/hoatsosa/AppData/Roaming/Xilinx/Vivado/2019.2/xhub/board_store C:/Users/hoatsosa/AppData/Roaming/Xilinx/Vivado/2019.2/xhub/board_store/XilinxBoardStore/Vivado/2019.2/boards} [current_project]
set_param board.repoPaths {C:/Users/hoatsosa/AppData/Roaming/Xilinx/Vivado/2019.2/xhub/board_store C:/Users/hoatsosa/AppData/Roaming/Xilinx/Vivado/2019.2/xhub/board_store/XilinxBoardStore/Vivado/2019.2/boards}
set_property BOARD_PART_REPO_PATHS {C:/Users/hoatsosa/AppData/Roaming/Xilinx/Vivado/2019.2/xhub/board_store C:/Users/hoatsosa/AppData/Roaming/Xilinx/Vivado/2019.2/xhub/board_store/XilinxBoardStore/Vivado/2019.2/boards} [current_project]
set_param board.repoPaths {C:/Users/hoatsosa/AppData/Roaming/Xilinx/Vivado/2019.2/xhub/board_store C:/Users/hoatsosa/AppData/Roaming/Xilinx/Vivado/2019.2/xhub/board_store/XilinxBoardStore/Vivado/2019.2/boards}
reset_run synth_1
launch_runs impl_1 -to_step write_bitstream -jobs 6
[Wed Dec  6 22:48:08 2023] Launched synth_1...
Run output will be captured here: C:/Users/hoatsosa/Xilinx/ECE433/UARTTypewriter/UartTyperwriter2023fall.runs/synth_1/runme.log
[Wed Dec  6 22:48:08 2023] Launched impl_1...
Run output will be captured here: C:/Users/hoatsosa/Xilinx/ECE433/UARTTypewriter/UartTyperwriter2023fall.runs/impl_1/runme.log
open_hw_manager
connect_hw_server -allow_non_jtag
INFO: [Labtools 27-2285] Connecting to hw_server url TCP:localhost:3121
INFO: [Labtools 27-3415] Connecting to cs_server url TCP:localhost:3042
INFO: [Labtools 27-3414] Connected to existing cs_server.
open_hw_target
INFO: [Labtoolstcl 44-466] Opening hw_target localhost:3121/xilinx_tcf/Digilent/210319754812A
current_hw_device [get_hw_devices xc7a35t_0]
refresh_hw_device -update_hw_probes false [lindex [get_hw_devices xc7a35t_0] 0]
INFO: [Labtools 27-1434] Device xc7a35t (JTAG device index = 0) is programmed with a design that has no supported debug core(s) in it.
set_property PROBES.FILE {} [get_hw_devices xc7a35t_0]
set_property FULL_PROBES.FILE {} [get_hw_devices xc7a35t_0]
set_property PROGRAM.FILE {C:/Users/hoatsosa/Xilinx/ECE433/UARTTypewriter/UartTyperwriter2023fall.runs/impl_1/UartTyperwriter2023fall.bit} [get_hw_devices xc7a35t_0]
program_hw_devices [get_hw_devices xc7a35t_0]
ERROR: [Labtools 27-3303] Incorrect bitstream assigned to device. Bitfile is incompatible for this device.
INFO: [Labtools 27-3164] End of startup status: HIGH
ERROR: [Common 17-39] 'program_hw_devices' failed due to earlier errors.
WARNING: [Board 49-26] cannot add Board Part digilentinc.com:arty-z7-10:part0:1.0 available at C:/Users/hoatsosa/AppData/Roaming/Xilinx/Vivado/2019.2/xhub/board_store/XilinxBoardStore/Vivado/2019.2/boards/Digilent/arty-z7-10/A.0/1.0/board.xml as part xc7z010clg400-1 specified in board_part file is either invalid or not available
WARNING: [Board 49-26] cannot add Board Part digilentinc.com:arty-z7-20:part0:1.0 available at C:/Users/hoatsosa/AppData/Roaming/Xilinx/Vivado/2019.2/xhub/board_store/XilinxBoardStore/Vivado/2019.2/boards/Digilent/arty-z7-20/A.0/1.0/board.xml as part xc7z020clg400-1 specified in board_part file is either invalid or not available
WARNING: [Board 49-26] cannot add Board Part digilentinc.com:cora-z7-07s:part0:1.0 available at C:/Users/hoatsosa/AppData/Roaming/Xilinx/Vivado/2019.2/xhub/board_store/XilinxBoardStore/Vivado/2019.2/boards/Digilent/cora-z7-07s/B.0/1.0/board.xml as part xc7z007sclg400-1 specified in board_part file is either invalid or not available
WARNING: [Board 49-26] cannot add Board Part digilentinc.com:cora-z7-10:part0:1.0 available at C:/Users/hoatsosa/AppData/Roaming/Xilinx/Vivado/2019.2/xhub/board_store/XilinxBoardStore/Vivado/2019.2/boards/Digilent/cora-z7-10/B.0/1.0/board.xml as part xc7z010clg400-1 specified in board_part file is either invalid or not available
WARNING: [Board 49-26] cannot add Board Part digilentinc.com:genesys2:part0:1.1 available at C:/Users/hoatsosa/AppData/Roaming/Xilinx/Vivado/2019.2/xhub/board_store/XilinxBoardStore/Vivado/2019.2/boards/Digilent/genesys2/H/1.1/board.xml as part xc7k325tffg900-2 specified in board_part file is either invalid or not available
WARNING: [Board 49-26] cannot add Board Part digilentinc.com:sword:part0:1.0 available at C:/Users/hoatsosa/AppData/Roaming/Xilinx/Vivado/2019.2/xhub/board_store/XilinxBoardStore/Vivado/2019.2/boards/Digilent/sword/C.0/1.0/board.xml as part xc7k325tffg900-2 specified in board_part file is either invalid or not available
WARNING: [Board 49-26] cannot add Board Part digilentinc.com:zedboard:part0:1.0 available at C:/Users/hoatsosa/AppData/Roaming/Xilinx/Vivado/2019.2/xhub/board_store/XilinxBoardStore/Vivado/2019.2/boards/Digilent/zedboard/1.3/1.0/board.xml as part xc7z020clg484-1 specified in board_part file is either invalid or not available
WARNING: [Board 49-26] cannot add Board Part digilentinc.com:zybo-z7-10:part0:1.0 available at C:/Users/hoatsosa/AppData/Roaming/Xilinx/Vivado/2019.2/xhub/board_store/XilinxBoardStore/Vivado/2019.2/boards/Digilent/zybo-z7-10/A.0/1.0/board.xml as part xc7z010clg400-1 specified in board_part file is either invalid or not available
WARNING: [Board 49-26] cannot add Board Part digilentinc.com:zybo-z7-20:part0:1.0 available at C:/Users/hoatsosa/AppData/Roaming/Xilinx/Vivado/2019.2/xhub/board_store/XilinxBoardStore/Vivado/2019.2/boards/Digilent/zybo-z7-20/A.0/1.0/board.xml as part xc7z020clg400-1 specified in board_part file is either invalid or not available
WARNING: [Board 49-26] cannot add Board Part digilentinc.com:zybo:part0:1.0 available at C:/Users/hoatsosa/AppData/Roaming/Xilinx/Vivado/2019.2/xhub/board_store/XilinxBoardStore/Vivado/2019.2/boards/Digilent/zybo/B.3/1.0/board.xml as part xc7z010clg400-1 specified in board_part file is either invalid or not available
WARNING: [Board 49-26] cannot add Board Part em.avnet.com:minized:part0:1.2 available at C:/Users/hoatsosa/AppData/Roaming/Xilinx/Vivado/2019.2/xhub/board_store/XilinxBoardStore/Vivado/2019.2/boards/Avnet/minized/1.2/1.2/board.xml as part xc7z007sclg225-1 specified in board_part file is either invalid or not available
WARNING: [Board 49-26] cannot add Board Part em.avnet.com:picozed_7010_fmc2:part0:1.2 available at C:/Users/hoatsosa/AppData/Roaming/Xilinx/Vivado/2019.2/xhub/board_store/XilinxBoardStore/Vivado/2019.2/boards/Avnet/picozed_7010_fmc2/1.2/1.2/board.xml as part xc7z010clg400-1 specified in board_part file is either invalid or not available
WARNING: [Board 49-26] cannot add Board Part em.avnet.com:ultra96:part0:1.2 available at C:/Users/hoatsosa/AppData/Roaming/Xilinx/Vivado/2019.2/xhub/board_store/XilinxBoardStore/Vivado/2019.2/boards/Avnet/ultra96/1.2/1.2/board.xml as part xczu3eg-sbva484-1-e specified in board_part file is either invalid or not available
WARNING: [Board 49-26] cannot add Board Part trenz.biz:te0720_14s:part0:1.0 available at C:/Users/hoatsosa/AppData/Roaming/Xilinx/Vivado/2019.2/xhub/board_store/XilinxBoardStore/Vivado/2019.2/boards/Trenz_Electronic/TE0720_14S/1.0/1.0/board.xml as part xc7z014sclg484-1 specified in board_part file is either invalid or not available
WARNING: [Board 49-26] cannot add Board Part trenz.biz:te0720_1c:part0:1.0 available at C:/Users/hoatsosa/AppData/Roaming/Xilinx/Vivado/2019.2/xhub/board_store/XilinxBoardStore/Vivado/2019.2/boards/Trenz_Electronic/TE0720_1C/1.0/1.0/board.xml as part xc7z020clg484-1 specified in board_part file is either invalid or not available
WARNING: [Board 49-26] cannot add Board Part trenz.biz:te0720_1c:part0:2.0 available at C:/Users/hoatsosa/AppData/Roaming/Xilinx/Vivado/2019.2/xhub/board_store/XilinxBoardStore/Vivado/2019.2/boards/Trenz_Electronic/TE0720_1C/2.0/2.0/board.xml as part xc7z020clg484-1 specified in board_part file is either invalid or not available
WARNING: [Board 49-26] cannot add Board Part trenz.biz:te0720_1il:part0:1.0 available at C:/Users/hoatsosa/AppData/Roaming/Xilinx/Vivado/2019.2/xhub/board_store/XilinxBoardStore/Vivado/2019.2/boards/Trenz_Electronic/TE0720_1IL/1.0/1.0/board.xml as part xc7z020iclg484-1l specified in board_part file is either invalid or not available
WARNING: [Board 49-26] cannot add Board Part trenz.biz:te0720_1q:part0:1.0 available at C:/Users/hoatsosa/AppData/Roaming/Xilinx/Vivado/2019.2/xhub/board_store/XilinxBoardStore/Vivado/2019.2/boards/Trenz_Electronic/TE0720_1Q/1.0/1.0/board.xml as part xa7z020clg484-1q specified in board_part file is either invalid or not available
WARNING: [Board 49-26] cannot add Board Part trenz.biz:te0720_2e:part0:1.0 available at C:/Users/hoatsosa/AppData/Roaming/Xilinx/Vivado/2019.2/xhub/board_store/XilinxBoardStore/Vivado/2019.2/boards/Trenz_Electronic/TE0720_2E/1.0/1.0/board.xml as part xc7z020clg484-2 specified in board_part file is either invalid or not available
WARNING: [Board 49-26] cannot add Board Part trenz.biz:te0720_2i:part0:1.0 available at C:/Users/hoatsosa/AppData/Roaming/Xilinx/Vivado/2019.2/xhub/board_store/XilinxBoardStore/Vivado/2019.2/boards/Trenz_Electronic/TE0720_2I/1.0/1.0/board.xml as part xc7z020clg484-2 specified in board_part file is either invalid or not available
WARNING: [Board 49-26] cannot add Board Part trenz.biz:te0722:part0:1.0 available at C:/Users/hoatsosa/AppData/Roaming/Xilinx/Vivado/2019.2/xhub/board_store/XilinxBoardStore/Vivado/2019.2/boards/Trenz_Electronic/TE0722/1.0/1.0/board.xml as part xc7z010clg225-1 specified in board_part file is either invalid or not available
WARNING: [Board 49-26] cannot add Board Part trenz.biz:te0722_7s:part0:1.0 available at C:/Users/hoatsosa/AppData/Roaming/Xilinx/Vivado/2019.2/xhub/board_store/XilinxBoardStore/Vivado/2019.2/boards/Trenz_Electronic/TE0722_7S/1.0/1.0/board.xml as part xc7z007sclg225-1 specified in board_part file is either invalid or not available
WARNING: [Board 49-26] cannot add Board Part trenz.biz:te0722_i:part0:1.0 available at C:/Users/hoatsosa/AppData/Roaming/Xilinx/Vivado/2019.2/xhub/board_store/XilinxBoardStore/Vivado/2019.2/boards/Trenz_Electronic/TE0722_I/1.0/1.0/board.xml as part xc7z010clg225-1 specified in board_part file is either invalid or not available
WARNING: [Board 49-26] cannot add Board Part trenz.biz:te0724_10_1i:part0:1.0 available at C:/Users/hoatsosa/AppData/Roaming/Xilinx/Vivado/2019.2/xhub/board_store/XilinxBoardStore/Vivado/2019.2/boards/Trenz_Electronic/TE0724_10_1I/1.0/1.0/board.xml as part xc7z010clg400-1 specified in board_part file is either invalid or not available
WARNING: [Board 49-26] cannot add Board Part trenz.biz:te0724_20_1i:part0:1.0 available at C:/Users/hoatsosa/AppData/Roaming/Xilinx/Vivado/2019.2/xhub/board_store/XilinxBoardStore/Vivado/2019.2/boards/Trenz_Electronic/TE0724_20_1I/1.0/1.0/board.xml as part xc7z020clg400-1 specified in board_part file is either invalid or not available
WARNING: [Board 49-26] cannot add Board Part trenz.biz:te0726_01:part0:1.0 available at C:/Users/hoatsosa/AppData/Roaming/Xilinx/Vivado/2019.2/xhub/board_store/XilinxBoardStore/Vivado/2019.2/boards/Trenz_Electronic/TE0726/1.0/1.0/board.xml as part xc7z010clg225-1 specified in board_part file is either invalid or not available
WARNING: [Board 49-26] cannot add Board Part trenz.biz:te0726_7s:part0:3.1 available at C:/Users/hoatsosa/AppData/Roaming/Xilinx/Vivado/2019.2/xhub/board_store/XilinxBoardStore/Vivado/2019.2/boards/Trenz_Electronic/TE0726_7S/3.1/3.1/board.xml as part xc7z007sclg225-1 specified in board_part file is either invalid or not available
WARNING: [Board 49-26] cannot add Board Part trenz.biz:te0726_m:part0:3.1 available at C:/Users/hoatsosa/AppData/Roaming/Xilinx/Vivado/2019.2/xhub/board_store/XilinxBoardStore/Vivado/2019.2/boards/Trenz_Electronic/TE0726/3.1/3.1/board.xml as part xc7z010clg225-1 specified in board_part file is either invalid or not available
WARNING: [Board 49-26] cannot add Board Part trenz.biz:te0726_r:part0:2.1 available at C:/Users/hoatsosa/AppData/Roaming/Xilinx/Vivado/2019.2/xhub/board_store/XilinxBoardStore/Vivado/2019.2/boards/Trenz_Electronic/TE0726/2.1/2.1/board.xml as part xc7z010clg225-1 specified in board_part file is either invalid or not available
WARNING: [Board 49-26] cannot add Board Part trenz.biz:te0729_20_2i:part0:1.0 available at C:/Users/hoatsosa/AppData/Roaming/Xilinx/Vivado/2019.2/xhub/board_store/XilinxBoardStore/Vivado/2019.2/boards/Trenz_Electronic/TE0729_20_2I/1.0/1.0/board.xml as part xc7z020clg484-2 specified in board_part file is either invalid or not available
WARNING: [Board 49-26] cannot add Board Part trenz.biz:te0729_20_2i:part0:2.0 available at C:/Users/hoatsosa/AppData/Roaming/Xilinx/Vivado/2019.2/xhub/board_store/XilinxBoardStore/Vivado/2019.2/boards/Trenz_Electronic/TE0729_20_2I/2.0/2.0/board.xml as part xc7z020clg484-2 specified in board_part file is either invalid or not available
WARNING: [Board 49-26] cannot add Board Part trenz.biz:te0803_2cg_1e:part0:1.0 available at C:/Users/hoatsosa/AppData/Roaming/Xilinx/Vivado/2019.2/xhub/board_store/XilinxBoardStore/Vivado/2019.2/boards/Trenz_Electronic/TE0803_2CG_1E/1.0/1.0/board.xml as part xczu2cg-sfvc784-1-e specified in board_part file is either invalid or not available
WARNING: [Board 49-26] cannot add Board Part trenz.biz:te0803_2cg_1e_tebf0808:part0:2.0 available at C:/Users/hoatsosa/AppData/Roaming/Xilinx/Vivado/2019.2/xhub/board_store/XilinxBoardStore/Vivado/2019.2/boards/Trenz_Electronic/TE0803_2CG_1E/2.0/2.0/board.xml as part xczu2cg-sfvc784-1-e specified in board_part file is either invalid or not available
WARNING: [Board 49-26] cannot add Board Part trenz.biz:te0803_2eg_1e:part0:1.0 available at C:/Users/hoatsosa/AppData/Roaming/Xilinx/Vivado/2019.2/xhub/board_store/XilinxBoardStore/Vivado/2019.2/boards/Trenz_Electronic/TE0803_2EG_1E/1.0/1.0/board.xml as part xczu2eg-sfvc784-1-e specified in board_part file is either invalid or not available
WARNING: [Board 49-26] cannot add Board Part trenz.biz:te0803_2eg_1e_tebf0808:part0:2.0 available at C:/Users/hoatsosa/AppData/Roaming/Xilinx/Vivado/2019.2/xhub/board_store/XilinxBoardStore/Vivado/2019.2/boards/Trenz_Electronic/TE0803_2EG_1E/2.0/2.0/board.xml as part xczu2eg-sfvc784-1-e specified in board_part file is either invalid or not available
WARNING: [Board 49-26] cannot add Board Part trenz.biz:te0803_3cg_1e:part0:1.0 available at C:/Users/hoatsosa/AppData/Roaming/Xilinx/Vivado/2019.2/xhub/board_store/XilinxBoardStore/Vivado/2019.2/boards/Trenz_Electronic/TE0803_3CG_1E/1.0/1.0/board.xml as part xczu3cg-sfvc784-1-e specified in board_part file is either invalid or not available
WARNING: [Board 49-26] cannot add Board Part trenz.biz:te0803_3cg_1e_tebf0808:part0:2.0 available at C:/Users/hoatsosa/AppData/Roaming/Xilinx/Vivado/2019.2/xhub/board_store/XilinxBoardStore/Vivado/2019.2/boards/Trenz_Electronic/TE0803_3CG_1E/2.0/2.0/board.xml as part xczu3cg-sfvc784-1-e specified in board_part file is either invalid or not available
WARNING: [Board 49-26] cannot add Board Part trenz.biz:te0803_3eg_1e:part0:1.0 available at C:/Users/hoatsosa/AppData/Roaming/Xilinx/Vivado/2019.2/xhub/board_store/XilinxBoardStore/Vivado/2019.2/boards/Trenz_Electronic/TE0803_3EG_1E/1.0/1.0/board.xml as part xczu3eg-sfvc784-1-e specified in board_part file is either invalid or not available
WARNING: [Board 49-26] cannot add Board Part trenz.biz:te0803_3eg_1e:part0:3.0 available at C:/Users/hoatsosa/AppData/Roaming/Xilinx/Vivado/2019.2/xhub/board_store/XilinxBoardStore/Vivado/2019.2/boards/Trenz_Electronic/TE0803_3EG_1E/3.0/3.0/board.xml as part xczu3eg-sfvc784-1-e specified in board_part file is either invalid or not available
WARNING: [Board 49-26] cannot add Board Part trenz.biz:te0803_3eg_1e_tebf0808:part0:2.0 available at C:/Users/hoatsosa/AppData/Roaming/Xilinx/Vivado/2019.2/xhub/board_store/XilinxBoardStore/Vivado/2019.2/boards/Trenz_Electronic/TE0803_3EG_1E/2.0/2.0/board.xml as part xczu3eg-sfvc784-1-e specified in board_part file is either invalid or not available
WARNING: [Board 49-26] cannot add Board Part trenz.biz:te0803_3eg_1e_tebf0808:part0:4.0 available at C:/Users/hoatsosa/AppData/Roaming/Xilinx/Vivado/2019.2/xhub/board_store/XilinxBoardStore/Vivado/2019.2/boards/Trenz_Electronic/TE0803_3EG_1E/4.0/4.0/board.xml as part xczu3eg-sfvc784-1-e specified in board_part file is either invalid or not available
WARNING: [Board 49-26] cannot add Board Part trenz.biz:te0803_4cg_1e:part0:1.0 available at C:/Users/hoatsosa/AppData/Roaming/Xilinx/Vivado/2019.2/xhub/board_store/XilinxBoardStore/Vivado/2019.2/boards/Trenz_Electronic/TE0803_4CG_1E/1.0/1.0/board.xml as part xczu4cg-sfvc784-1-e specified in board_part file is either invalid or not available
WARNING: [Board 49-26] cannot add Board Part trenz.biz:te0803_4cg_1e_tebf0808:part0:2.0 available at C:/Users/hoatsosa/AppData/Roaming/Xilinx/Vivado/2019.2/xhub/board_store/XilinxBoardStore/Vivado/2019.2/boards/Trenz_Electronic/TE0803_4CG_1E/2.0/2.0/board.xml as part xczu4cg-sfvc784-1-e specified in board_part file is either invalid or not available
WARNING: [Board 49-26] cannot add Board Part trenz.biz:te0803_4eg_1e:part0:1.0 available at C:/Users/hoatsosa/AppData/Roaming/Xilinx/Vivado/2019.2/xhub/board_store/XilinxBoardStore/Vivado/2019.2/boards/Trenz_Electronic/TE0803_4EG_1E/1.0/1.0/board.xml as part xczu4eg-sfvc784-1-e specified in board_part file is either invalid or not available
WARNING: [Board 49-26] cannot add Board Part trenz.biz:te0803_4eg_1e_tebf0808:part0:2.0 available at C:/Users/hoatsosa/AppData/Roaming/Xilinx/Vivado/2019.2/xhub/board_store/XilinxBoardStore/Vivado/2019.2/boards/Trenz_Electronic/TE0803_4EG_1E/2.0/2.0/board.xml as part xczu4eg-sfvc784-1-e specified in board_part file is either invalid or not available
WARNING: [Board 49-26] cannot add Board Part trenz.biz:te0803_4ev_1e:part0:1.0 available at C:/Users/hoatsosa/AppData/Roaming/Xilinx/Vivado/2019.2/xhub/board_store/XilinxBoardStore/Vivado/2019.2/boards/Trenz_Electronic/TE0803_4EV_1E/1.0/1.0/board.xml as part xczu4ev-sfvc784-1-e specified in board_part file is either invalid or not available
WARNING: [Board 49-26] cannot add Board Part trenz.biz:te0803_4ev_1e_tebf0808:part0:2.0 available at C:/Users/hoatsosa/AppData/Roaming/Xilinx/Vivado/2019.2/xhub/board_store/XilinxBoardStore/Vivado/2019.2/boards/Trenz_Electronic/TE0803_4EV_1E/2.0/2.0/board.xml as part xczu4ev-sfvc784-1-e specified in board_part file is either invalid or not available
WARNING: [Board 49-26] cannot add Board Part trenz.biz:te0803_5ev_1e:part0:1.0 available at C:/Users/hoatsosa/AppData/Roaming/Xilinx/Vivado/2019.2/xhub/board_store/XilinxBoardStore/Vivado/2019.2/boards/Trenz_Electronic/TE0803_5EV_1E/1.0/1.0/board.xml as part xczu5ev-sfvc784-1-e specified in board_part file is either invalid or not available
WARNING: [Board 49-26] cannot add Board Part trenz.biz:te0803_5ev_1e_tebf0808:part0:2.0 available at C:/Users/hoatsosa/AppData/Roaming/Xilinx/Vivado/2019.2/xhub/board_store/XilinxBoardStore/Vivado/2019.2/boards/Trenz_Electronic/TE0803_5EV_1E/2.0/2.0/board.xml as part xczu5ev-sfvc784-1-e specified in board_part file is either invalid or not available
WARNING: [Board 49-26] cannot add Board Part trenz.biz:te0803_5ev_1i:part0:1.0 available at C:/Users/hoatsosa/AppData/Roaming/Xilinx/Vivado/2019.2/xhub/board_store/XilinxBoardStore/Vivado/2019.2/boards/Trenz_Electronic/TE0803_5EV_1I/1.0/1.0/board.xml as part xczu5ev-sfvc784-1-i specified in board_part file is either invalid or not available
WARNING: [Board 49-26] cannot add Board Part trenz.biz:te0803_5ev_1i_tebf0808:part0:2.0 available at C:/Users/hoatsosa/AppData/Roaming/Xilinx/Vivado/2019.2/xhub/board_store/XilinxBoardStore/Vivado/2019.2/boards/Trenz_Electronic/TE0803_5EV_1I/2.0/2.0/board.xml as part xczu5ev-sfvc784-1-i specified in board_part file is either invalid or not available
WARNING: [Board 49-26] cannot add Board Part trenz.biz:te0808_15eg_1e:part0:3.0 available at C:/Users/hoatsosa/AppData/Roaming/Xilinx/Vivado/2019.2/xhub/board_store/XilinxBoardStore/Vivado/2019.2/boards/Trenz_Electronic/TE0808_15EG_1E/3.0/3.0/board.xml as part xczu15eg-ffvc900-1-e specified in board_part file is either invalid or not available
WARNING: [Board 49-26] cannot add Board Part trenz.biz:te0808_15eg_1e_tebf0808:part0:4.0 available at C:/Users/hoatsosa/AppData/Roaming/Xilinx/Vivado/2019.2/xhub/board_store/XilinxBoardStore/Vivado/2019.2/boards/Trenz_Electronic/TE0808_15EG_1E/4.0/4.0/board.xml as part xczu15eg-ffvc900-1-e specified in board_part file is either invalid or not available
WARNING: [Board 49-26] cannot add Board Part trenz.biz:te0808_6eg_1e:part0:3.0 available at C:/Users/hoatsosa/AppData/Roaming/Xilinx/Vivado/2019.2/xhub/board_store/XilinxBoardStore/Vivado/2019.2/boards/Trenz_Electronic/TE0808_6EG_1E/3.0/3.0/board.xml as part xczu6eg-ffvc900-1-e specified in board_part file is either invalid or not available
WARNING: [Board 49-26] cannot add Board Part trenz.biz:te0808_6eg_1e_tebf0808:part0:4.0 available at C:/Users/hoatsosa/AppData/Roaming/Xilinx/Vivado/2019.2/xhub/board_store/XilinxBoardStore/Vivado/2019.2/boards/Trenz_Electronic/TE0808_6EG_1E/4.0/4.0/board.xml as part xczu6eg-ffvc900-1-e specified in board_part file is either invalid or not available
WARNING: [Board 49-26] cannot add Board Part trenz.biz:te0808_9eg_1e:part0:1.0 available at C:/Users/hoatsosa/AppData/Roaming/Xilinx/Vivado/2019.2/xhub/board_store/XilinxBoardStore/Vivado/2019.2/boards/Trenz_Electronic/TE0808_9EG_1E/1.0/1.0/board.xml as part xczu9eg-ffvc900-1-e specified in board_part file is either invalid or not available
WARNING: [Board 49-26] cannot add Board Part trenz.biz:te0808_9eg_1e:part0:3.0 available at C:/Users/hoatsosa/AppData/Roaming/Xilinx/Vivado/2019.2/xhub/board_store/XilinxBoardStore/Vivado/2019.2/boards/Trenz_Electronic/TE0808_9EG_1E/3.0/3.0/board.xml as part xczu9eg-ffvc900-1-e specified in board_part file is either invalid or not available
WARNING: [Board 49-26] cannot add Board Part trenz.biz:te0808_9eg_1e_tebf0808:part0:2.0 available at C:/Users/hoatsosa/AppData/Roaming/Xilinx/Vivado/2019.2/xhub/board_store/XilinxBoardStore/Vivado/2019.2/boards/Trenz_Electronic/TE0808_9EG_1E/2.0/2.0/board.xml as part xczu9eg-ffvc900-1-e specified in board_part file is either invalid or not available
WARNING: [Board 49-26] cannot add Board Part trenz.biz:te0808_9eg_1e_tebf0808:part0:4.0 available at C:/Users/hoatsosa/AppData/Roaming/Xilinx/Vivado/2019.2/xhub/board_store/XilinxBoardStore/Vivado/2019.2/boards/Trenz_Electronic/TE0808_9EG_1E/4.0/4.0/board.xml as part xczu9eg-ffvc900-1-e specified in board_part file is either invalid or not available
WARNING: [Board 49-26] cannot add Board Part trenz.biz:te0808_9eg_2i:part0:3.0 available at C:/Users/hoatsosa/AppData/Roaming/Xilinx/Vivado/2019.2/xhub/board_store/XilinxBoardStore/Vivado/2019.2/boards/Trenz_Electronic/TE0808_9EG_2I/3.0/3.0/board.xml as part xczu9eg-ffvc900-2-i specified in board_part file is either invalid or not available
WARNING: [Board 49-26] cannot add Board Part trenz.biz:te0808_9eg_2i_tebf0808:part0:4.0 available at C:/Users/hoatsosa/AppData/Roaming/Xilinx/Vivado/2019.2/xhub/board_store/XilinxBoardStore/Vivado/2019.2/boards/Trenz_Electronic/TE0808_9EG_2I/4.0/4.0/board.xml as part xczu9eg-ffvc900-2-i specified in board_part file is either invalid or not available
WARNING: [Board 49-26] cannot add Board Part trenz.biz:te0820_2cg_1e:part0:1.0 available at C:/Users/hoatsosa/AppData/Roaming/Xilinx/Vivado/2019.2/xhub/board_store/XilinxBoardStore/Vivado/2019.2/boards/Trenz_Electronic/TE0820_2CG_1E/1.0/1.0/board.xml as part xczu2cg-sfvc784-1-e specified in board_part file is either invalid or not available
WARNING: [Board 49-26] cannot add Board Part trenz.biz:te0820_2eg_1e:part0:1.0 available at C:/Users/hoatsosa/AppData/Roaming/Xilinx/Vivado/2019.2/xhub/board_store/XilinxBoardStore/Vivado/2019.2/boards/Trenz_Electronic/TE0820_2EG_1E/1.0/1.0/board.xml as part xczu2eg-sfvc784-1-e specified in board_part file is either invalid or not available
WARNING: [Board 49-26] cannot add Board Part trenz.biz:te0820_2eg_1e:part0:2.0 available at C:/Users/hoatsosa/AppData/Roaming/Xilinx/Vivado/2019.2/xhub/board_store/XilinxBoardStore/Vivado/2019.2/boards/Trenz_Electronic/TE0820_2EG_1E/2.0/2.0/board.xml as part xczu2eg-sfvc784-1-e specified in board_part file is either invalid or not available
WARNING: [Board 49-26] cannot add Board Part trenz.biz:te0820_3cg_1e:part0:1.0 available at C:/Users/hoatsosa/AppData/Roaming/Xilinx/Vivado/2019.2/xhub/board_store/XilinxBoardStore/Vivado/2019.2/boards/Trenz_Electronic/TE0820_3CG_1E/1.0/1.0/board.xml as part xczu3cg-sfvc784-1-e specified in board_part file is either invalid or not available
WARNING: [Board 49-26] cannot add Board Part trenz.biz:te0820_3eg_1e:part0:1.0 available at C:/Users/hoatsosa/AppData/Roaming/Xilinx/Vivado/2019.2/xhub/board_store/XilinxBoardStore/Vivado/2019.2/boards/Trenz_Electronic/TE0820_3EG_1E/1.0/1.0/board.xml as part xczu3eg-sfvc784-1-e specified in board_part file is either invalid or not available
WARNING: [Board 49-26] cannot add Board Part trenz.biz:te0820_4cg_1e:part0:1.0 available at C:/Users/hoatsosa/AppData/Roaming/Xilinx/Vivado/2019.2/xhub/board_store/XilinxBoardStore/Vivado/2019.2/boards/Trenz_Electronic/TE0820_4CG_1E/1.0/1.0/board.xml as part xczu4cg-sfvc784-1-e specified in board_part file is either invalid or not available
WARNING: [Board 49-26] cannot add Board Part trenz.biz:teb0911_9eg_1e:part0:1.0 available at C:/Users/hoatsosa/AppData/Roaming/Xilinx/Vivado/2019.2/xhub/board_store/XilinxBoardStore/Vivado/2019.2/boards/Trenz_Electronic/TEB0911_9EG_1E/1.0/1.0/board.xml as part xczu9eg-ffvb1156-1-e specified in board_part file is either invalid or not available
WARNING: [Board 49-26] cannot add Board Part trenz.biz:tec0850_15eg_1e:part0:1.0 available at C:/Users/hoatsosa/AppData/Roaming/Xilinx/Vivado/2019.2/xhub/board_store/XilinxBoardStore/Vivado/2019.2/boards/Trenz_Electronic/TEC0850_15EG_1E/1.0/1.0/board.xml as part xczu15eg-ffvb1156-1-e specified in board_part file is either invalid or not available
WARNING: [Board 49-26] cannot add Board Part xilinx.com:au200:part0:1.2 available at C:/Users/hoatsosa/AppData/Roaming/Xilinx/Vivado/2019.2/xhub/board_store/XilinxBoardStore/Vivado/2019.2/boards/Xilinx/au200/1.2/1.2/board.xml as part xcu200-fsgd2104-2-e specified in board_part file is either invalid or not available
WARNING: [Board 49-26] cannot add Board Part xilinx.com:au200:part0:1.3 available at C:/Users/hoatsosa/AppData/Roaming/Xilinx/Vivado/2019.2/xhub/board_store/XilinxBoardStore/Vivado/2019.2/boards/Xilinx/au200/1.3/1.3/board.xml as part xcu200-fsgd2104-2-e specified in board_part file is either invalid or not available
WARNING: [Board 49-26] cannot add Board Part xilinx.com:au250:part0:1.2 available at C:/Users/hoatsosa/AppData/Roaming/Xilinx/Vivado/2019.2/xhub/board_store/XilinxBoardStore/Vivado/2019.2/boards/Xilinx/au250/1.2/1.2/board.xml as part xcu250-figd2104-2l-e specified in board_part file is either invalid or not available
WARNING: [Board 49-26] cannot add Board Part xilinx.com:au250:part0:1.3 available at C:/Users/hoatsosa/AppData/Roaming/Xilinx/Vivado/2019.2/xhub/board_store/XilinxBoardStore/Vivado/2019.2/boards/Xilinx/au250/1.3/1.3/board.xml as part xcu250-figd2104-2l-e specified in board_part file is either invalid or not available
WARNING: [Board 49-26] cannot add Board Part xilinx.com:au280:part0:1.0 available at C:/Users/hoatsosa/AppData/Roaming/Xilinx/Vivado/2019.2/xhub/board_store/XilinxBoardStore/Vivado/2019.2/boards/Xilinx/au280/production/1.0/1.0/board.xml as part xcu280-fsvh2892-2l-e specified in board_part file is either invalid or not available
WARNING: [Board 49-26] cannot add Board Part xilinx.com:au280:part0:1.1 available at C:/Users/hoatsosa/AppData/Roaming/Xilinx/Vivado/2019.2/xhub/board_store/XilinxBoardStore/Vivado/2019.2/boards/Xilinx/au280/production/1.1/1.1/board.xml as part xcu280-fsvh2892-2l-e specified in board_part file is either invalid or not available
WARNING: [Board 49-26] cannot add Board Part xilinx.com:au280_es1:part0:1.0 available at C:/Users/hoatsosa/AppData/Roaming/Xilinx/Vivado/2019.2/xhub/board_store/XilinxBoardStore/Vivado/2019.2/boards/Xilinx/au280/es1/1.0/1.0/board.xml as part xcu280-fsvh2892-2l-e-es1 specified in board_part file is either invalid or not available
WARNING: [Board 49-26] cannot add Board Part xilinx.com:au280_es1:part0:1.1 available at C:/Users/hoatsosa/AppData/Roaming/Xilinx/Vivado/2019.2/xhub/board_store/XilinxBoardStore/Vivado/2019.2/boards/Xilinx/au280/es1/1.1/1.1/board.xml as part xcu280-fsvh2892-2l-e-es1 specified in board_part file is either invalid or not available
WARNING: [Board 49-26] cannot add Board Part xilinx.com:kc705:part0:1.6 available at C:/Users/hoatsosa/AppData/Roaming/Xilinx/Vivado/2019.2/xhub/board_store/XilinxBoardStore/Vivado/2019.2/boards/Xilinx/kc705/1.6/1.6/board.xml as part xc7k325tffg900-2 specified in board_part file is either invalid or not available
WARNING: [Board 49-26] cannot add Board Part xilinx.com:kcu105:part0:1.6 available at C:/Users/hoatsosa/AppData/Roaming/Xilinx/Vivado/2019.2/xhub/board_store/XilinxBoardStore/Vivado/2019.2/boards/Xilinx/kcu105/1.6/1.6/board.xml as part xcku040-ffva1156-2-e specified in board_part file is either invalid or not available
WARNING: [Board 49-26] cannot add Board Part xilinx.com:kcu116:part0:1.4 available at C:/Users/hoatsosa/AppData/Roaming/Xilinx/Vivado/2019.2/xhub/board_store/XilinxBoardStore/Vivado/2019.2/boards/Xilinx/kcu116/1.4/1.4/board.xml as part xcku5p-ffvb676-2-e specified in board_part file is either invalid or not available
WARNING: [Board 49-26] cannot add Board Part xilinx.com:kcu1500:part0:1.2 available at C:/Users/hoatsosa/AppData/Roaming/Xilinx/Vivado/2019.2/xhub/board_store/XilinxBoardStore/Vivado/2019.2/boards/Xilinx/kcu1500/1.2/1.2/board.xml as part xcku115-flvb2104-2-e specified in board_part file is either invalid or not available
WARNING: [Board 49-26] cannot add Board Part xilinx.com:vc707:part0:1.4 available at C:/Users/hoatsosa/AppData/Roaming/Xilinx/Vivado/2019.2/xhub/board_store/XilinxBoardStore/Vivado/2019.2/boards/Xilinx/vc707/1.4/1.4/board.xml as part xc7vx485tffg1761-2 specified in board_part file is either invalid or not available
WARNING: [Board 49-26] cannot add Board Part xilinx.com:vc709:part0:1.8 available at C:/Users/hoatsosa/AppData/Roaming/Xilinx/Vivado/2019.2/xhub/board_store/XilinxBoardStore/Vivado/2019.2/boards/Xilinx/vc709/1.8/1.8/board.xml as part xc7vx690tffg1761-2 specified in board_part file is either invalid or not available
WARNING: [Board 49-26] cannot add Board Part xilinx.com:vcu108:part0:1.6 available at C:/Users/hoatsosa/AppData/Roaming/Xilinx/Vivado/2019.2/xhub/board_store/XilinxBoardStore/Vivado/2019.2/boards/Xilinx/vcu108/1.6/1.6/board.xml as part xcvu095-ffva2104-2-e specified in board_part file is either invalid or not available
WARNING: [Board 49-26] cannot add Board Part xilinx.com:vcu110:part0:1.4 available at C:/Users/hoatsosa/AppData/Roaming/Xilinx/Vivado/2019.2/xhub/board_store/XilinxBoardStore/Vivado/2019.2/boards/Xilinx/vcu110/1.4/1.4/board.xml as part xcvu190-flgc2104-2-e specified in board_part file is either invalid or not available
WARNING: [Board 49-26] cannot add Board Part xilinx.com:vcu118:part0:2.0 available at C:/Users/hoatsosa/AppData/Roaming/Xilinx/Vivado/2019.2/xhub/board_store/XilinxBoardStore/Vivado/2019.2/boards/Xilinx/vcu118/2.0/2.0/board.xml as part xcvu9p-flga2104-2l-e specified in board_part file is either invalid or not available
WARNING: [Board 49-26] cannot add Board Part xilinx.com:vcu118:part0:2.3 available at C:/Users/hoatsosa/AppData/Roaming/Xilinx/Vivado/2019.2/xhub/board_store/XilinxBoardStore/Vivado/2019.2/boards/Xilinx/vcu118/2.3/2.3/board.xml as part xcvu9p-flga2104-2l-e specified in board_part file is either invalid or not available
WARNING: [Board 49-26] cannot add Board Part xilinx.com:vcu128:part0:1.0 available at C:/Users/hoatsosa/AppData/Roaming/Xilinx/Vivado/2019.2/xhub/board_store/XilinxBoardStore/Vivado/2019.2/boards/Xilinx/vcu128/production/1.0/1.0/board.xml as part xcvu37p-fsvh2892-2l-e specified in board_part file is either invalid or not available
WARNING: [Board 49-26] cannot add Board Part xilinx.com:vcu128_es:part0:1.0 available at C:/Users/hoatsosa/AppData/Roaming/Xilinx/Vivado/2019.2/xhub/board_store/XilinxBoardStore/Vivado/2019.2/boards/Xilinx/vcu128/es/1.0/1.0/board.xml as part xcvu37p-fsvh2892-2l-e-es1 specified in board_part file is either invalid or not available
WARNING: [Board 49-26] cannot add Board Part xilinx.com:vcu128_es:part0:1.1 available at C:/Users/hoatsosa/AppData/Roaming/Xilinx/Vivado/2019.2/xhub/board_store/XilinxBoardStore/Vivado/2019.2/boards/Xilinx/vcu128/es/1.1/1.1/board.xml as part xcvu37p-fsvh2892-2l-e-es1 specified in board_part file is either invalid or not available
WARNING: [Board 49-26] cannot add Board Part xilinx.com:vcu129:part0:1.0 available at C:/Users/hoatsosa/AppData/Roaming/Xilinx/Vivado/2019.2/xhub/board_store/XilinxBoardStore/Vivado/2019.2/boards/Xilinx/vcu129/production/1.0/1.0/board.xml as part xcvu29p-fsga2577-2l-e specified in board_part file is either invalid or not available
WARNING: [Board 49-26] cannot add Board Part xilinx.com:vcu129_es:part0:1.0 available at C:/Users/hoatsosa/AppData/Roaming/Xilinx/Vivado/2019.2/xhub/board_store/XilinxBoardStore/Vivado/2019.2/boards/Xilinx/vcu129/es/1.0/1.0/board.xml as part xcvu29p-fsga2577-2l-e-es1 specified in board_part file is either invalid or not available
WARNING: [Board 49-26] cannot add Board Part xilinx.com:vcu1525:part0:1.3 available at C:/Users/hoatsosa/AppData/Roaming/Xilinx/Vivado/2019.2/xhub/board_store/XilinxBoardStore/Vivado/2019.2/boards/Xilinx/vcu1525/1.3/1.3/board.xml as part xcvu9p-fsgd2104-2l-e specified in board_part file is either invalid or not available
WARNING: [Board 49-26] cannot add Board Part xilinx.com:zc702:part0:1.4 available at C:/Users/hoatsosa/AppData/Roaming/Xilinx/Vivado/2019.2/xhub/board_store/XilinxBoardStore/Vivado/2019.2/boards/Xilinx/zc702/1.4/1.4/board.xml as part xc7z020clg484-1 specified in board_part file is either invalid or not available
WARNING: [Board 49-26] cannot add Board Part xilinx.com:zc706:part0:1.4 available at C:/Users/hoatsosa/AppData/Roaming/Xilinx/Vivado/2019.2/xhub/board_store/XilinxBoardStore/Vivado/2019.2/boards/Xilinx/zc706/1.4/1.4/board.xml as part xc7z045ffg900-2 specified in board_part file is either invalid or not available
WARNING: [Board 49-26] cannot add Board Part xilinx.com:zcu102:part0:3.3 available at C:/Users/hoatsosa/AppData/Roaming/Xilinx/Vivado/2019.2/xhub/board_store/XilinxBoardStore/Vivado/2019.2/boards/Xilinx/zcu102/3.3/3.3/board.xml as part xczu9eg-ffvb1156-2-e specified in board_part file is either invalid or not available
WARNING: [Board 49-26] cannot add Board Part xilinx.com:zcu104:part0:1.1 available at C:/Users/hoatsosa/AppData/Roaming/Xilinx/Vivado/2019.2/xhub/board_store/XilinxBoardStore/Vivado/2019.2/boards/Xilinx/zcu104/1.1/1.1/board.xml as part xczu7ev-ffvc1156-2-e specified in board_part file is either invalid or not available
WARNING: [Board 49-26] cannot add Board Part xilinx.com:zcu106:part0:2.4 available at C:/Users/hoatsosa/AppData/Roaming/Xilinx/Vivado/2019.2/xhub/board_store/XilinxBoardStore/Vivado/2019.2/boards/Xilinx/zcu106/2.4/2.4/board.xml as part xczu7ev-ffvc1156-2-e specified in board_part file is either invalid or not available
WARNING: [Board 49-26] cannot add Board Part xilinx.com:zcu106:part0:2.5 available at C:/Users/hoatsosa/AppData/Roaming/Xilinx/Vivado/2019.2/xhub/board_store/XilinxBoardStore/Vivado/2019.2/boards/Xilinx/zcu106/2.5/2.4/board.xml as part xczu7ev-ffvc1156-2-e specified in board_part file is either invalid or not available
WARNING: [Board 49-26] cannot add Board Part xilinx.com:zcu111:part0:1.2 available at C:/Users/hoatsosa/AppData/Roaming/Xilinx/Vivado/2019.2/xhub/board_store/XilinxBoardStore/Vivado/2019.2/boards/Xilinx/zcu111/1.2/1.2/board.xml as part xczu28dr-ffvg1517-2-e specified in board_part file is either invalid or not available
INFO: [Common 17-14] Message 'Board 49-26' appears 100 times and further instances of the messages will be disabled. Use the Tcl command set_msg_config to change the current settings.
set_property part xc7a35ticsg324-1L [current_project]
reset_run synth_1
launch_runs impl_1 -to_step write_bitstream -jobs 6
[Wed Dec  6 22:52:08 2023] Launched synth_1...
Run output will be captured here: C:/Users/hoatsosa/Xilinx/ECE433/UARTTypewriter/UartTyperwriter2023fall.runs/synth_1/runme.log
[Wed Dec  6 22:52:08 2023] Launched impl_1...
Run output will be captured here: C:/Users/hoatsosa/Xilinx/ECE433/UARTTypewriter/UartTyperwriter2023fall.runs/impl_1/runme.log
set_property PROBES.FILE {} [get_hw_devices xc7a35t_0]
set_property FULL_PROBES.FILE {} [get_hw_devices xc7a35t_0]
set_property PROGRAM.FILE {C:/Users/hoatsosa/Xilinx/ECE433/UARTTypewriter/UartTyperwriter2023fall.runs/impl_1/UartTyperwriter2023fall.bit} [get_hw_devices xc7a35t_0]
program_hw_devices [get_hw_devices xc7a35t_0]
INFO: [Labtools 27-3164] End of startup status: HIGH
refresh_hw_device [lindex [get_hw_devices xc7a35t_0] 0]
INFO: [Labtools 27-1434] Device xc7a35t (JTAG device index = 0) is programmed with a design that has no supported debug core(s) in it.
reset_run synth_1
launch_runs impl_1 -to_step write_bitstream -jobs 6
[Wed Dec  6 22:56:39 2023] Launched synth_1...
Run output will be captured here: C:/Users/hoatsosa/Xilinx/ECE433/UARTTypewriter/UartTyperwriter2023fall.runs/synth_1/runme.log
[Wed Dec  6 22:56:39 2023] Launched impl_1...
Run output will be captured here: C:/Users/hoatsosa/Xilinx/ECE433/UARTTypewriter/UartTyperwriter2023fall.runs/impl_1/runme.log
set_property PROBES.FILE {} [get_hw_devices xc7a35t_0]
set_property FULL_PROBES.FILE {} [get_hw_devices xc7a35t_0]
set_property PROGRAM.FILE {C:/Users/hoatsosa/Xilinx/ECE433/UARTTypewriter/UartTyperwriter2023fall.runs/impl_1/UartTyperwriter2023fall.bit} [get_hw_devices xc7a35t_0]
program_hw_devices [get_hw_devices xc7a35t_0]
INFO: [Labtools 27-3164] End of startup status: HIGH
refresh_hw_device [lindex [get_hw_devices xc7a35t_0] 0]
INFO: [Labtools 27-1434] Device xc7a35t (JTAG device index = 0) is programmed with a design that has no supported debug core(s) in it.
exit
INFO: [Common 17-206] Exiting Vivado at Wed Dec  6 22:59:29 2023...
